0 info it worked if it ends with ok
1 verbose cli [ 'E:\\Program Files\\nodejs\\node.exe',
1 verbose cli   'E:\\Program Files\\nodejs\\node_modules\\npm\\bin\\npm-cli.js',
1 verbose cli   'install' ]
2 info using npm@2.15.9
3 info using node@v4.5.0
4 verbose readDependencies loading dependencies from C:\Users\Bryan\Projects\restaurantmacros-dev\package.json
5 warn package.json starter-node-angular@ No description
6 warn package.json starter-node-angular@ No repository field.
7 warn package.json starter-node-angular@ No license field.
8 verbose install where, deps [ 'C:\\Users\\Bryan\\Projects\\restaurantmacros-dev',
8 verbose install   [ 'express',
8 verbose install     'mongoose',
8 verbose install     'body-parser',
8 verbose install     'method-override',
8 verbose install     'less',
8 verbose install     'request',
8 verbose install     'angular-material' ] ]
9 verbose install where, peers [ 'C:\\Users\\Bryan\\Projects\\restaurantmacros-dev', [] ]
10 verbose installManyTop reading for lifecycle C:\Users\Bryan\Projects\restaurantmacros-dev\package.json
11 info preinstall starter-node-angular@
12 verbose installManyTop reading scoped package data from C:\Users\Bryan\Projects\restaurantmacros-dev\node_modules\body-parser\package.json
13 verbose installManyTop reading scoped package data from C:\Users\Bryan\Projects\restaurantmacros-dev\node_modules\express\package.json
14 verbose installManyTop reading scoped package data from C:\Users\Bryan\Projects\restaurantmacros-dev\node_modules\less\package.json
15 verbose installManyTop reading scoped package data from C:\Users\Bryan\Projects\restaurantmacros-dev\node_modules\method-override\package.json
16 verbose installManyTop reading scoped package data from C:\Users\Bryan\Projects\restaurantmacros-dev\node_modules\mongoose\package.json
17 verbose installManyTop reading scoped package data from C:\Users\Bryan\Projects\restaurantmacros-dev\node_modules\request\package.json
18 info package.json mongoose@3.8.40 No license field.
19 verbose readDependencies loading dependencies from C:\Users\Bryan\Projects\restaurantmacros-dev\package.json
20 verbose targetResolver reading package data from C:\Users\Bryan\Projects\restaurantmacros-dev\node_modules\body-parser\package.json
21 verbose targetResolver reading package data from C:\Users\Bryan\Projects\restaurantmacros-dev\node_modules\express\package.json
22 verbose targetResolver reading package data from C:\Users\Bryan\Projects\restaurantmacros-dev\node_modules\less\package.json
23 verbose targetResolver reading package data from C:\Users\Bryan\Projects\restaurantmacros-dev\node_modules\method-override\package.json
24 verbose targetResolver reading package data from C:\Users\Bryan\Projects\restaurantmacros-dev\node_modules\mongoose\package.json
25 verbose targetResolver reading package data from C:\Users\Bryan\Projects\restaurantmacros-dev\node_modules\request\package.json
26 verbose targetResolver reading package data from C:\Users\Bryan\Projects\restaurantmacros-dev\node_modules\.bin\lessc\package.json
27 verbose targetResolver reading package data from C:\Users\Bryan\Projects\restaurantmacros-dev\node_modules\.bin\lessc.cmd\package.json
28 verbose already installed skipping method-override@~2.0.2 C:\Users\Bryan\Projects\restaurantmacros-dev
29 verbose already installed skipping less@~2.7.1 C:\Users\Bryan\Projects\restaurantmacros-dev
30 verbose already installed skipping request@~2.74.0 C:\Users\Bryan\Projects\restaurantmacros-dev
31 silly cache add args [ 'angular-material@git+ssh://git@github.com/angular/bower-material.git#master',
31 silly cache add   null ]
32 verbose cache add spec angular-material@git+ssh://git@github.com/angular/bower-material.git#master
33 verbose already installed skipping express@~4.5.1 C:\Users\Bryan\Projects\restaurantmacros-dev
34 verbose already installed skipping mongoose@~3.8.0 C:\Users\Bryan\Projects\restaurantmacros-dev
35 verbose already installed skipping body-parser@~1.4.2 C:\Users\Bryan\Projects\restaurantmacros-dev
36 silly cache add parsed spec Result {
36 silly cache add   raw: 'angular-material@git+ssh://git@github.com/angular/bower-material.git#master',
36 silly cache add   scope: null,
36 silly cache add   name: 'angular-material',
36 silly cache add   rawSpec: 'git+ssh://git@github.com/angular/bower-material.git#master',
36 silly cache add   spec: 'git+ssh://git@github.com/angular/bower-material.git#master',
36 silly cache add   type: 'hosted',
36 silly cache add   hosted:
36 silly cache add    { type: 'github',
36 silly cache add      ssh: 'git@github.com:angular/bower-material.git#master',
36 silly cache add      sshUrl: 'git+ssh://git@github.com/angular/bower-material.git#master',
36 silly cache add      httpsUrl: 'git+https://github.com/angular/bower-material.git#master',
36 silly cache add      gitUrl: 'git://github.com/angular/bower-material.git#master',
36 silly cache add      shortcut: 'github:angular/bower-material#master',
36 silly cache add      directUrl: 'https://raw.githubusercontent.com/angular/bower-material/master/package.json' } }
37 verbose addRemoteGit caching git+ssh://git@github.com/angular/bower-material.git#master
38 verbose addRemoteGit git+ssh://git@github.com/angular/bower-material.git#master is a repository hosted by github
39 silly tryClone cloning git+ssh://git@github.com/angular/bower-material.git#master via git+ssh://git@github.com/angular/bower-material.git#master
40 verbose tryClone ssh-git-github-com-angular-bower-material-git-e2890f0e not in flight; caching
41 verbose correctMkdir C:\Users\Bryan\AppData\Roaming\npm-cache\_git-remotes correctMkdir not in flight; initializing
42 verbose makeDirectory C:\Users\Bryan\AppData\Roaming\npm-cache\_git-remotes creation not in flight; initializing
43 verbose makeCacheDir UID & GID are irrelevant on win32
44 info git [ 'clone',
44 info git   '--template=C:\\Users\\Bryan\\AppData\\Roaming\\npm-cache\\_git-remotes\\_templates',
44 info git   '--mirror',
44 info git   'ssh://git@github.com/angular/bower-material.git',
44 info git   'C:\\Users\\Bryan\\AppData\\Roaming\\npm-cache\\_git-remotes\\ssh-git-github-com-angular-bower-material-git-e2890f0e' ]
45 error git clone --template=C:\Users\Bryan\AppData\Roaming\npm-cache\_git-remotes\_templates --mirror ssh://git@github.com/angular/bower-material.git C:\Users\Bryan\AppData\Roaming\npm-cache\_git-remotes\ssh-git-github-com-angular-bower-material-git-e2890f0e: Cloning into bare repository 'C:\Users\Bryan\AppData\Roaming\npm-cache\_git-remotes\ssh-git-github-com-angular-bower-material-git-e2890f0e'...
45 error git clone --template=C:\Users\Bryan\AppData\Roaming\npm-cache\_git-remotes\_templates --mirror ssh://git@github.com/angular/bower-material.git C:\Users\Bryan\AppData\Roaming\npm-cache\_git-remotes\ssh-git-github-com-angular-bower-material-git-e2890f0e: Host key verification failed.
45 error git clone --template=C:\Users\Bryan\AppData\Roaming\npm-cache\_git-remotes\_templates --mirror ssh://git@github.com/angular/bower-material.git C:\Users\Bryan\AppData\Roaming\npm-cache\_git-remotes\ssh-git-github-com-angular-bower-material-git-e2890f0e: fatal: Could not read from remote repository.
45 error git clone --template=C:\Users\Bryan\AppData\Roaming\npm-cache\_git-remotes\_templates --mirror ssh://git@github.com/angular/bower-material.git C:\Users\Bryan\AppData\Roaming\npm-cache\_git-remotes\ssh-git-github-com-angular-bower-material-git-e2890f0e:
45 error git clone --template=C:\Users\Bryan\AppData\Roaming\npm-cache\_git-remotes\_templates --mirror ssh://git@github.com/angular/bower-material.git C:\Users\Bryan\AppData\Roaming\npm-cache\_git-remotes\ssh-git-github-com-angular-bower-material-git-e2890f0e: Please make sure you have the correct access rights
45 error git clone --template=C:\Users\Bryan\AppData\Roaming\npm-cache\_git-remotes\_templates --mirror ssh://git@github.com/angular/bower-material.git C:\Users\Bryan\AppData\Roaming\npm-cache\_git-remotes\ssh-git-github-com-angular-bower-material-git-e2890f0e: and the repository exists.
46 verbose stack Error: Command failed: git -c core.longpaths=true clone --template=C:\Users\Bryan\AppData\Roaming\npm-cache\_git-remotes\_templates --mirror ssh://git@github.com/angular/bower-material.git C:\Users\Bryan\AppData\Roaming\npm-cache\_git-remotes\ssh-git-github-com-angular-bower-material-git-e2890f0e
46 verbose stack Cloning into bare repository 'C:\Users\Bryan\AppData\Roaming\npm-cache\_git-remotes\ssh-git-github-com-angular-bower-material-git-e2890f0e'...
46 verbose stack Host key verification failed.
46 verbose stack fatal: Could not read from remote repository.
46 verbose stack
46 verbose stack Please make sure you have the correct access rights
46 verbose stack and the repository exists.
46 verbose stack
46 verbose stack     at ChildProcess.exithandler (child_process.js:213:12)
46 verbose stack     at emitTwo (events.js:87:13)
46 verbose stack     at ChildProcess.emit (events.js:172:7)
46 verbose stack     at maybeClose (internal/child_process.js:829:16)
46 verbose stack     at Socket.<anonymous> (internal/child_process.js:319:11)
46 verbose stack     at emitOne (events.js:77:13)
46 verbose stack     at Socket.emit (events.js:169:7)
46 verbose stack     at Pipe._onclose (net.js:486:12)
47 verbose cwd C:\Users\Bryan\Projects\restaurantmacros-dev
48 error Windows_NT 6.1.7601
49 error argv "E:\\Program Files\\nodejs\\node.exe" "E:\\Program Files\\nodejs\\node_modules\\npm\\bin\\npm-cli.js" "install"
50 error node v4.5.0
51 error npm  v2.15.9
52 error code 128
53 error Command failed: git -c core.longpaths=true clone --template=C:\Users\Bryan\AppData\Roaming\npm-cache\_git-remotes\_templates --mirror ssh://git@github.com/angular/bower-material.git C:\Users\Bryan\AppData\Roaming\npm-cache\_git-remotes\ssh-git-github-com-angular-bower-material-git-e2890f0e
53 error Cloning into bare repository 'C:\Users\Bryan\AppData\Roaming\npm-cache\_git-remotes\ssh-git-github-com-angular-bower-material-git-e2890f0e'...
53 error Host key verification failed.
53 error fatal: Could not read from remote repository.
53 error
53 error Please make sure you have the correct access rights
53 error and the repository exists.
54 error If you need help, you may report this error at:
54 error     <https://github.com/npm/npm/issues>
55 verbose exit [ 1, true ]
